<?xml version="1.0" encoding="UTF-8"?>
<testng-results skipped="0" failed="0" ignored="0" total="1" passed="1">
  <reporter-output>
  </reporter-output>
  <suite name="Default suite" duration-ms="13007" started-at="2021-05-28T10:33:00 IST" finished-at="2021-05-28T10:33:13 IST">
    <groups>
    </groups>
    <test name="Default test" duration-ms="13007" started-at="2021-05-28T10:33:00 IST" finished-at="2021-05-28T10:33:13 IST">
      <class name="capturescreenshots.Facbookscreenshot">
        <test-method status="PASS" signature="CaptureScreenShot()[pri:0, instance:capturescreenshots.Facbookscreenshot@1786dec2]" name="CaptureScreenShot" duration-ms="12929" started-at="2021-05-28T10:33:00 IST" finished-at="2021-05-28T10:33:13 IST">
          <reporter-output>
          </reporter-output>
        </test-method> <!-- CaptureScreenShot -->
      </class> <!-- capturescreenshots.Facbookscreenshot -->
    </test> <!-- Default test -->
  </suite> <!-- Default suite -->
</testng-results>
